2020-06-29 12:27:06.632 GMT Thread[main,5,main] Cleanup action starting
java.sql.SQLException: Failed to start database 'toursdb', see the next exception for details.
	at org.apache.derby.impl.jdbc.SQLExceptionFactory40.getSQLException(SQLExceptionFactory40.java:95)
	at org.apache.derby.impl.jdbc.Util.newEmbedSQLException(Util.java:142)
	at org.apache.derby.impl.jdbc.Util.seeNextException(Util.java:278)
	at org.apache.derby.impl.jdbc.EmbedConnection.bootDatabase(EmbedConnection.java:2623)
	at org.apache.derby.impl.jdbc.EmbedConnection.<init>(EmbedConnection.java:374)
	at org.apache.derby.impl.jdbc.EmbedConnection30.<init>(EmbedConnection30.java:73)
	at org.apache.derby.impl.jdbc.EmbedConnection40.<init>(EmbedConnection40.java:54)
	at org.apache.derby.jdbc.Driver40.getNewEmbedConnection(Driver40.java:68)
	at org.apache.derby.jdbc.InternalDriver.connect(InternalDriver.java:238)
	at org.apache.derby.jdbc.AutoloadedDriver.connect(AutoloadedDriver.java:119)
	at java.sql.DriverManager.getConnection(DriverManager.java:615)
	at java.sql.DriverManager.getConnection(DriverManager.java:167)
	at org.apache.derby.impl.tools.ij.ij.dynamicConnection(ij.java:1374)
	at org.apache.derby.impl.tools.ij.ij.ConnectStatement(ij.java:1228)
	at org.apache.derby.impl.tools.ij.ij.ijStatement(ij.java:1056)
	at org.apache.derby.impl.tools.ij.utilMain.runScriptGuts(utilMain.java:341)
	at org.apache.derby.impl.tools.ij.utilMain.go(utilMain.java:261)
	at org.apache.derby.impl.tools.ij.Main.go(Main.java:229)
	at org.apache.derby.impl.tools.ij.Main.mainCore(Main.java:184)
	at org.apache.derby.impl.tools.ij.Main.main(Main.java:75)
	at org.apache.derby.tools.ij.main(ij.java:59)
Caused by: java.sql.SQLException: Failed to start database 'toursdb', see the next exception for details.
	at org.apache.derby.impl.jdbc.SQLExceptionFactory.getSQLException(SQLExceptionFactory.java:45)
	at org.apache.derby.impl.jdbc.SQLExceptionFactory40.wrapArgsForTransportAcrossDRDA(SQLExceptionFactory40.java:120)
	at org.apache.derby.impl.jdbc.SQLExceptionFactory40.getSQLException(SQLExceptionFactory40.java:70)
	... 20 more
Caused by: java.sql.SQLException: Another instance of Derby may have already booted the database /home/derby/java/demo/toursdb/toursdb.
	at org.apache.derby.impl.jdbc.SQLExceptionFactory.getSQLException(SQLExceptionFactory.java:45)
	at org.apache.derby.impl.jdbc.SQLExceptionFactory40.wrapArgsForTransportAcrossDRDA(SQLExceptionFactory40.java:120)
	at org.apache.derby.impl.jdbc.SQLExceptionFactory40.getSQLException(SQLExceptionFactory40.java:70)
	at org.apache.derby.impl.jdbc.Util.generateCsSQLException(Util.java:256)
	at org.apache.derby.impl.jdbc.EmbedConnection.bootDatabase(EmbedConnection.java:2621)
	... 17 more
Caused by: ERROR XSDB6: Another instance of Derby may have already booted the database /home/derby/java/demo/toursdb/toursdb.
	at org.apache.derby.iapi.error.StandardException.newException(StandardException.java:286)
	at org.apache.derby.impl.store.raw.data.BaseDataFileFactory.privGetJBMSLockOnDB(BaseDataFileFactory.java:2004)
	at org.apache.derby.impl.store.raw.data.BaseDataFileFactory.run(BaseDataFileFactory.java:2801)
	at java.security.AccessController.doPrivileged(Native Method)
	at org.apache.derby.impl.store.raw.data.BaseDataFileFactory.getJBMSLockOnDB(BaseDataFileFactory.java:1811)
	at org.apache.derby.impl.store.raw.data.BaseDataFileFactory.boot(BaseDataFileFactory.java:322)
	at org.apache.derby.impl.services.monitor.BaseMonitor.boot(BaseMonitor.java:2021)
	at org.apache.derby.impl.services.monitor.TopService.bootModule(TopService.java:333)
	at org.apache.derby.impl.services.monitor.BaseMonitor.startModule(BaseMonitor.java:573)
	at org.apache.derby.iapi.services.monitor.Monitor.bootServiceModule(Monitor.java:427)
	at org.apache.derby.impl.store.raw.RawStore.boot(RawStore.java:195)
	at org.apache.derby.impl.services.monitor.BaseMonitor.boot(BaseMonitor.java:2021)
	at org.apache.derby.impl.services.monitor.TopService.bootModule(TopService.java:333)
	at org.apache.derby.impl.services.monitor.BaseMonitor.startModule(BaseMonitor.java:573)
	at org.apache.derby.iapi.services.monitor.Monitor.bootServiceModule(Monitor.java:427)
	at org.apache.derby.impl.store.access.RAMAccessManager.boot(RAMAccessManager.java:1019)
	at org.apache.derby.impl.services.monitor.BaseMonitor.boot(BaseMonitor.java:2021)
	at org.apache.derby.impl.services.monitor.TopService.bootModule(TopService.java:333)
	at org.apache.derby.impl.services.monitor.BaseMonitor.startModule(BaseMonitor.java:573)
	at org.apache.derby.iapi.services.monitor.Monitor.bootServiceModule(Monitor.java:427)
	at org.apache.derby.impl.db.BasicDatabase.bootStore(BasicDatabase.java:780)
	at org.apache.derby.impl.db.BasicDatabase.boot(BasicDatabase.java:196)
	at org.apache.derby.impl.services.monitor.BaseMonitor.boot(BaseMonitor.java:2021)
	at org.apache.derby.impl.services.monitor.TopService.bootModule(TopService.java:333)
	at org.apache.derby.impl.services.monitor.BaseMonitor.bootService(BaseMonitor.java:1858)
	at org.apache.derby.impl.services.monitor.BaseMonitor.startProviderService(BaseMonitor.java:1724)
	at org.apache.derby.impl.services.monitor.BaseMonitor.findProviderAndStartService(BaseMonitor.java:1602)
	at org.apache.derby.impl.services.monitor.BaseMonitor.startPersistentService(BaseMonitor.java:1021)
	at org.apache.derby.iapi.services.monitor.Monitor.startPersistentService(Monitor.java:550)
	at org.apache.derby.impl.jdbc.EmbedConnection.bootDatabase(EmbedConnection.java:2584)
	... 17 more
============= begin nested exception, level (1) ===========
java.sql.SQLException: Another instance of Derby may have already booted the database /home/derby/java/demo/toursdb/toursdb.
	at org.apache.derby.impl.jdbc.SQLExceptionFactory40.getSQLException(SQLExceptionFactory40.java:95)
	at org.apache.derby.impl.jdbc.Util.generateCsSQLException(Util.java:256)
	at org.apache.derby.impl.jdbc.EmbedConnection.bootDatabase(EmbedConnection.java:2621)
	at org.apache.derby.impl.jdbc.EmbedConnection.<init>(EmbedConnection.java:374)
	at org.apache.derby.impl.jdbc.EmbedConnection30.<init>(EmbedConnection30.java:73)
	at org.apache.derby.impl.jdbc.EmbedConnection40.<init>(EmbedConnection40.java:54)
	at org.apache.derby.jdbc.Driver40.getNewEmbedConnection(Driver40.java:68)
	at org.apache.derby.jdbc.InternalDriver.connect(InternalDriver.java:238)
	at org.apache.derby.jdbc.AutoloadedDriver.connect(AutoloadedDriver.java:119)
	at java.sql.DriverManager.getConnection(DriverManager.java:615)
	at java.sql.DriverManager.getConnection(DriverManager.java:167)
	at org.apache.derby.impl.tools.ij.ij.dynamicConnection(ij.java:1374)
	at org.apache.derby.impl.tools.ij.ij.ConnectStatement(ij.java:1228)
	at org.apache.derby.impl.tools.ij.ij.ijStatement(ij.java:1056)
	at org.apache.derby.impl.tools.ij.utilMain.runScriptGuts(utilMain.java:341)
	at org.apache.derby.impl.tools.ij.utilMain.go(utilMain.java:261)
	at org.apache.derby.impl.tools.ij.Main.go(Main.java:229)
	at org.apache.derby.impl.tools.ij.Main.mainCore(Main.java:184)
	at org.apache.derby.impl.tools.ij.Main.main(Main.java:75)
	at org.apache.derby.tools.ij.main(ij.java:59)
Caused by: java.sql.SQLException: Another instance of Derby may have already booted the database /home/derby/java/demo/toursdb/toursdb.
	at org.apache.derby.impl.jdbc.SQLExceptionFactory.getSQLException(SQLExceptionFactory.java:45)
	at org.apache.derby.impl.jdbc.SQLExceptionFactory40.wrapArgsForTransportAcrossDRDA(SQLExceptionFactory40.java:120)
	at org.apache.derby.impl.jdbc.SQLExceptionFactory40.getSQLException(SQLExceptionFactory40.java:70)
	... 19 more
Caused by: ERROR XSDB6: Another instance of Derby may have already booted the database /home/derby/java/demo/toursdb/toursdb.
	at org.apache.derby.iapi.error.StandardException.newException(StandardException.java:286)
	at org.apache.derby.impl.store.raw.data.BaseDataFileFactory.privGetJBMSLockOnDB(BaseDataFileFactory.java:2004)
	at org.apache.derby.impl.store.raw.data.BaseDataFileFactory.run(BaseDataFileFactory.java:2801)
	at java.security.AccessController.doPrivileged(Native Method)
	at org.apache.derby.impl.store.raw.data.BaseDataFileFactory.getJBMSLockOnDB(BaseDataFileFactory.java:1811)
	at org.apache.derby.impl.store.raw.data.BaseDataFileFactory.boot(BaseDataFileFactory.java:322)
	at org.apache.derby.impl.services.monitor.BaseMonitor.boot(BaseMonitor.java:2021)
	at org.apache.derby.impl.services.monitor.TopService.bootModule(TopService.java:333)
	at org.apache.derby.impl.services.monitor.BaseMonitor.startModule(BaseMonitor.java:573)
	at org.apache.derby.iapi.services.monitor.Monitor.bootServiceModule(Monitor.java:427)
	at org.apache.derby.impl.store.raw.RawStore.boot(RawStore.java:195)
	at org.apache.derby.impl.services.monitor.BaseMonitor.boot(BaseMonitor.java:2021)
	at org.apache.derby.impl.services.monitor.TopService.bootModule(TopService.java:333)
	at org.apache.derby.impl.services.monitor.BaseMonitor.startModule(BaseMonitor.java:573)
	at org.apache.derby.iapi.services.monitor.Monitor.bootServiceModule(Monitor.java:427)
	at org.apache.derby.impl.store.access.RAMAccessManager.boot(RAMAccessManager.java:1019)
	at org.apache.derby.impl.services.monitor.BaseMonitor.boot(BaseMonitor.java:2021)
	at org.apache.derby.impl.services.monitor.TopService.bootModule(TopService.java:333)
	at org.apache.derby.impl.services.monitor.BaseMonitor.startModule(BaseMonitor.java:573)
	at org.apache.derby.iapi.services.monitor.Monitor.bootServiceModule(Monitor.java:427)
	at org.apache.derby.impl.db.BasicDatabase.bootStore(BasicDatabase.java:780)
	at org.apache.derby.impl.db.BasicDatabase.boot(BasicDatabase.java:196)
	at org.apache.derby.impl.services.monitor.BaseMonitor.boot(BaseMonitor.java:2021)
	at org.apache.derby.impl.services.monitor.TopService.bootModule(TopService.java:333)
	at org.apache.derby.impl.services.monitor.BaseMonitor.bootService(BaseMonitor.java:1858)
	at org.apache.derby.impl.services.monitor.BaseMonitor.startProviderService(BaseMonitor.java:1724)
	at org.apache.derby.impl.services.monitor.BaseMonitor.findProviderAndStartService(BaseMonitor.java:1602)
	at org.apache.derby.impl.services.monitor.BaseMonitor.startPersistentService(BaseMonitor.java:1021)
	at org.apache.derby.iapi.services.monitor.Monitor.startPersistentService(Monitor.java:550)
	at org.apache.derby.impl.jdbc.EmbedConnection.bootDatabase(EmbedConnection.java:2584)
	... 17 more
============= end nested exception, level (1) ===========
============= begin nested exception, level (2) ===========
java.sql.SQLException: Another instance of Derby may have already booted the database /home/derby/java/demo/toursdb/toursdb.
	at org.apache.derby.impl.jdbc.SQLExceptionFactory.getSQLException(SQLExceptionFactory.java:45)
	at org.apache.derby.impl.jdbc.SQLExceptionFactory40.wrapArgsForTransportAcrossDRDA(SQLExceptionFactory40.java:120)
	at org.apache.derby.impl.jdbc.SQLExceptionFactory40.getSQLException(SQLExceptionFactory40.java:70)
	at org.apache.derby.impl.jdbc.Util.generateCsSQLException(Util.java:256)
	at org.apache.derby.impl.jdbc.EmbedConnection.bootDatabase(EmbedConnection.java:2621)
	at org.apache.derby.impl.jdbc.EmbedConnection.<init>(EmbedConnection.java:374)
	at org.apache.derby.impl.jdbc.EmbedConnection30.<init>(EmbedConnection30.java:73)
	at org.apache.derby.impl.jdbc.EmbedConnection40.<init>(EmbedConnection40.java:54)
	at org.apache.derby.jdbc.Driver40.getNewEmbedConnection(Driver40.java:68)
	at org.apache.derby.jdbc.InternalDriver.connect(InternalDriver.java:238)
	at org.apache.derby.jdbc.AutoloadedDriver.connect(AutoloadedDriver.java:119)
	at java.sql.DriverManager.getConnection(DriverManager.java:615)
	at java.sql.DriverManager.getConnection(DriverManager.java:167)
	at org.apache.derby.impl.tools.ij.ij.dynamicConnection(ij.java:1374)
	at org.apache.derby.impl.tools.ij.ij.ConnectStatement(ij.java:1228)
	at org.apache.derby.impl.tools.ij.ij.ijStatement(ij.java:1056)
	at org.apache.derby.impl.tools.ij.utilMain.runScriptGuts(utilMain.java:341)
	at org.apache.derby.impl.tools.ij.utilMain.go(utilMain.java:261)
	at org.apache.derby.impl.tools.ij.Main.go(Main.java:229)
	at org.apache.derby.impl.tools.ij.Main.mainCore(Main.java:184)
	at org.apache.derby.impl.tools.ij.Main.main(Main.java:75)
	at org.apache.derby.tools.ij.main(ij.java:59)
Caused by: ERROR XSDB6: Another instance of Derby may have already booted the database /home/derby/java/demo/toursdb/toursdb.
	at org.apache.derby.iapi.error.StandardException.newException(StandardException.java:286)
	at org.apache.derby.impl.store.raw.data.BaseDataFileFactory.privGetJBMSLockOnDB(BaseDataFileFactory.java:2004)
	at org.apache.derby.impl.store.raw.data.BaseDataFileFactory.run(BaseDataFileFactory.java:2801)
	at java.security.AccessController.doPrivileged(Native Method)
	at org.apache.derby.impl.store.raw.data.BaseDataFileFactory.getJBMSLockOnDB(BaseDataFileFactory.java:1811)
	at org.apache.derby.impl.store.raw.data.BaseDataFileFactory.boot(BaseDataFileFactory.java:322)
	at org.apache.derby.impl.services.monitor.BaseMonitor.boot(BaseMonitor.java:2021)
	at org.apache.derby.impl.services.monitor.TopService.bootModule(TopService.java:333)
	at org.apache.derby.impl.services.monitor.BaseMonitor.startModule(BaseMonitor.java:573)
	at org.apache.derby.iapi.services.monitor.Monitor.bootServiceModule(Monitor.java:427)
	at org.apache.derby.impl.store.raw.RawStore.boot(RawStore.java:195)
	at org.apache.derby.impl.services.monitor.BaseMonitor.boot(BaseMonitor.java:2021)
	at org.apache.derby.impl.services.monitor.TopService.bootModule(TopService.java:333)
	at org.apache.derby.impl.services.monitor.BaseMonitor.startModule(BaseMonitor.java:573)
	at org.apache.derby.iapi.services.monitor.Monitor.bootServiceModule(Monitor.java:427)
	at org.apache.derby.impl.store.access.RAMAccessManager.boot(RAMAccessManager.java:1019)
	at org.apache.derby.impl.services.monitor.BaseMonitor.boot(BaseMonitor.java:2021)
	at org.apache.derby.impl.services.monitor.TopService.bootModule(TopService.java:333)
	at org.apache.derby.impl.services.monitor.BaseMonitor.startModule(BaseMonitor.java:573)
	at org.apache.derby.iapi.services.monitor.Monitor.bootServiceModule(Monitor.java:427)
	at org.apache.derby.impl.db.BasicDatabase.bootStore(BasicDatabase.java:780)
	at org.apache.derby.impl.db.BasicDatabase.boot(BasicDatabase.java:196)
	at org.apache.derby.impl.services.monitor.BaseMonitor.boot(BaseMonitor.java:2021)
	at org.apache.derby.impl.services.monitor.TopService.bootModule(TopService.java:333)
	at org.apache.derby.impl.services.monitor.BaseMonitor.bootService(BaseMonitor.java:1858)
	at org.apache.derby.impl.services.monitor.BaseMonitor.startProviderService(BaseMonitor.java:1724)
	at org.apache.derby.impl.services.monitor.BaseMonitor.findProviderAndStartService(BaseMonitor.java:1602)
	at org.apache.derby.impl.services.monitor.BaseMonitor.startPersistentService(BaseMonitor.java:1021)
	at org.apache.derby.iapi.services.monitor.Monitor.startPersistentService(Monitor.java:550)
	at org.apache.derby.impl.jdbc.EmbedConnection.bootDatabase(EmbedConnection.java:2584)
	... 17 more
============= end nested exception, level (2) ===========
============= begin nested exception, level (3) ===========
ERROR XSDB6: Another instance of Derby may have already booted the database /home/derby/java/demo/toursdb/toursdb.
	at org.apache.derby.iapi.error.StandardException.newException(StandardException.java:286)
	at org.apache.derby.impl.store.raw.data.BaseDataFileFactory.privGetJBMSLockOnDB(BaseDataFileFactory.java:2004)
	at org.apache.derby.impl.store.raw.data.BaseDataFileFactory.run(BaseDataFileFactory.java:2801)
	at java.security.AccessController.doPrivileged(Native Method)
	at org.apache.derby.impl.store.raw.data.BaseDataFileFactory.getJBMSLockOnDB(BaseDataFileFactory.java:1811)
	at org.apache.derby.impl.store.raw.data.BaseDataFileFactory.boot(BaseDataFileFactory.java:322)
	at org.apache.derby.impl.services.monitor.BaseMonitor.boot(BaseMonitor.java:2021)
	at org.apache.derby.impl.services.monitor.TopService.bootModule(TopService.java:333)
	at org.apache.derby.impl.services.monitor.BaseMonitor.startModule(BaseMonitor.java:573)
	at org.apache.derby.iapi.services.monitor.Monitor.bootServiceModule(Monitor.java:427)
	at org.apache.derby.impl.store.raw.RawStore.boot(RawStore.java:195)
	at org.apache.derby.impl.services.monitor.BaseMonitor.boot(BaseMonitor.java:2021)
	at org.apache.derby.impl.services.monitor.TopService.bootModule(TopService.java:333)
	at org.apache.derby.impl.services.monitor.BaseMonitor.startModule(BaseMonitor.java:573)
	at org.apache.derby.iapi.services.monitor.Monitor.bootServiceModule(Monitor.java:427)
	at org.apache.derby.impl.store.access.RAMAccessManager.boot(RAMAccessManager.java:1019)
	at org.apache.derby.impl.services.monitor.BaseMonitor.boot(BaseMonitor.java:2021)
	at org.apache.derby.impl.services.monitor.TopService.bootModule(TopService.java:333)
	at org.apache.derby.impl.services.monitor.BaseMonitor.startModule(BaseMonitor.java:573)
	at org.apache.derby.iapi.services.monitor.Monitor.bootServiceModule(Monitor.java:427)
	at org.apache.derby.impl.db.BasicDatabase.bootStore(BasicDatabase.java:780)
	at org.apache.derby.impl.db.BasicDatabase.boot(BasicDatabase.java:196)
	at org.apache.derby.impl.services.monitor.BaseMonitor.boot(BaseMonitor.java:2021)
	at org.apache.derby.impl.services.monitor.TopService.bootModule(TopService.java:333)
	at org.apache.derby.impl.services.monitor.BaseMonitor.bootService(BaseMonitor.java:1858)
	at org.apache.derby.impl.services.monitor.BaseMonitor.startProviderService(BaseMonitor.java:1724)
	at org.apache.derby.impl.services.monitor.BaseMonitor.findProviderAndStartService(BaseMonitor.java:1602)
	at org.apache.derby.impl.services.monitor.BaseMonitor.startPersistentService(BaseMonitor.java:1021)
	at org.apache.derby.iapi.services.monitor.Monitor.startPersistentService(Monitor.java:550)
	at org.apache.derby.impl.jdbc.EmbedConnection.bootDatabase(EmbedConnection.java:2584)
	at org.apache.derby.impl.jdbc.EmbedConnection.<init>(EmbedConnection.java:374)
	at org.apache.derby.impl.jdbc.EmbedConnection30.<init>(EmbedConnection30.java:73)
	at org.apache.derby.impl.jdbc.EmbedConnection40.<init>(EmbedConnection40.java:54)
	at org.apache.derby.jdbc.Driver40.getNewEmbedConnection(Driver40.java:68)
	at org.apache.derby.jdbc.InternalDriver.connect(InternalDriver.java:238)
	at org.apache.derby.jdbc.AutoloadedDriver.connect(AutoloadedDriver.java:119)
	at java.sql.DriverManager.getConnection(DriverManager.java:615)
	at java.sql.DriverManager.getConnection(DriverManager.java:167)
	at org.apache.derby.impl.tools.ij.ij.dynamicConnection(ij.java:1374)
	at org.apache.derby.impl.tools.ij.ij.ConnectStatement(ij.java:1228)
	at org.apache.derby.impl.tools.ij.ij.ijStatement(ij.java:1056)
	at org.apache.derby.impl.tools.ij.utilMain.runScriptGuts(utilMain.java:341)
	at org.apache.derby.impl.tools.ij.utilMain.go(utilMain.java:261)
	at org.apache.derby.impl.tools.ij.Main.go(Main.java:229)
	at org.apache.derby.impl.tools.ij.Main.mainCore(Main.java:184)
	at org.apache.derby.impl.tools.ij.Main.main(Main.java:75)
	at org.apache.derby.tools.ij.main(ij.java:59)
============= end nested exception, level (3) ===========
Cleanup action completed
2020-06-29 12:27:06.637 GMT Thread[main,5,main] Cleanup action starting
java.sql.SQLException: Database 'toursdb' not found.
	at org.apache.derby.impl.jdbc.SQLExceptionFactory40.getSQLException(SQLExceptionFactory40.java:95)
	at org.apache.derby.impl.jdbc.Util.newEmbedSQLException(Util.java:142)
	at org.apache.derby.impl.jdbc.Util.newEmbedSQLException(Util.java:148)
	at org.apache.derby.impl.jdbc.Util.generateCsSQLException(Util.java:227)
	at org.apache.derby.impl.jdbc.EmbedConnection.newSQLException(EmbedConnection.java:2959)
	at org.apache.derby.impl.jdbc.EmbedConnection.handleDBNotFound(EmbedConnection.java:676)
	at org.apache.derby.impl.jdbc.EmbedConnection.<init>(EmbedConnection.java:403)
	at org.apache.derby.impl.jdbc.EmbedConnection30.<init>(EmbedConnection30.java:73)
	at org.apache.derby.impl.jdbc.EmbedConnection40.<init>(EmbedConnection40.java:54)
	at org.apache.derby.jdbc.Driver40.getNewEmbedConnection(Driver40.java:68)
	at org.apache.derby.jdbc.InternalDriver.connect(InternalDriver.java:238)
	at org.apache.derby.jdbc.AutoloadedDriver.connect(AutoloadedDriver.java:119)
	at java.sql.DriverManager.getConnection(DriverManager.java:615)
	at java.sql.DriverManager.getConnection(DriverManager.java:167)
	at org.apache.derby.impl.tools.ij.ij.dynamicConnection(ij.java:1374)
	at org.apache.derby.impl.tools.ij.ij.ConnectStatement(ij.java:1228)
	at org.apache.derby.impl.tools.ij.ij.ijStatement(ij.java:1056)
	at org.apache.derby.impl.tools.ij.utilMain.runScriptGuts(utilMain.java:341)
	at org.apache.derby.impl.tools.ij.utilMain.go(utilMain.java:261)
	at org.apache.derby.impl.tools.ij.Main.go(Main.java:229)
	at org.apache.derby.impl.tools.ij.Main.mainCore(Main.java:184)
	at org.apache.derby.impl.tools.ij.Main.main(Main.java:75)
	at org.apache.derby.tools.ij.main(ij.java:59)
Caused by: java.sql.SQLException: Database 'toursdb' not found.
	at org.apache.derby.impl.jdbc.SQLExceptionFactory.getSQLException(SQLExceptionFactory.java:45)
	at org.apache.derby.impl.jdbc.SQLExceptionFactory40.wrapArgsForTransportAcrossDRDA(SQLExceptionFactory40.java:120)
	at org.apache.derby.impl.jdbc.SQLExceptionFactory40.getSQLException(SQLExceptionFactory40.java:70)
	... 22 more
============= begin nested exception, level (1) ===========
java.sql.SQLException: Database 'toursdb' not found.
	at org.apache.derby.impl.jdbc.SQLExceptionFactory.getSQLException(SQLExceptionFactory.java:45)
	at org.apache.derby.impl.jdbc.SQLExceptionFactory40.wrapArgsForTransportAcrossDRDA(SQLExceptionFactory40.java:120)
	at org.apache.derby.impl.jdbc.SQLExceptionFactory40.getSQLException(SQLExceptionFactory40.java:70)
	at org.apache.derby.impl.jdbc.Util.newEmbedSQLException(Util.java:142)
	at org.apache.derby.impl.jdbc.Util.newEmbedSQLException(Util.java:148)
	at org.apache.derby.impl.jdbc.Util.generateCsSQLException(Util.java:227)
	at org.apache.derby.impl.jdbc.EmbedConnection.newSQLException(EmbedConnection.java:2959)
	at org.apache.derby.impl.jdbc.EmbedConnection.handleDBNotFound(EmbedConnection.java:676)
	at org.apache.derby.impl.jdbc.EmbedConnection.<init>(EmbedConnection.java:403)
	at org.apache.derby.impl.jdbc.EmbedConnection30.<init>(EmbedConnection30.java:73)
	at org.apache.derby.impl.jdbc.EmbedConnection40.<init>(EmbedConnection40.java:54)
	at org.apache.derby.jdbc.Driver40.getNewEmbedConnection(Driver40.java:68)
	at org.apache.derby.jdbc.InternalDriver.connect(InternalDriver.java:238)
	at org.apache.derby.jdbc.AutoloadedDriver.connect(AutoloadedDriver.java:119)
	at java.sql.DriverManager.getConnection(DriverManager.java:615)
	at java.sql.DriverManager.getConnection(DriverManager.java:167)
	at org.apache.derby.impl.tools.ij.ij.dynamicConnection(ij.java:1374)
	at org.apache.derby.impl.tools.ij.ij.ConnectStatement(ij.java:1228)
	at org.apache.derby.impl.tools.ij.ij.ijStatement(ij.java:1056)
	at org.apache.derby.impl.tools.ij.utilMain.runScriptGuts(utilMain.java:341)
	at org.apache.derby.impl.tools.ij.utilMain.go(utilMain.java:261)
	at org.apache.derby.impl.tools.ij.Main.go(Main.java:229)
	at org.apache.derby.impl.tools.ij.Main.mainCore(Main.java:184)
	at org.apache.derby.impl.tools.ij.Main.main(Main.java:75)
	at org.apache.derby.tools.ij.main(ij.java:59)
============= end nested exception, level (1) ===========
Cleanup action completed
